\BOOKMARK [1][-]{section.1}{Introduction}{}% 1
\BOOKMARK [1][-]{section.2}{Background and related works}{}% 2
\BOOKMARK [2][-]{subsection.2.1}{L1 Regularization}{section.2}% 3
\BOOKMARK [2][-]{subsection.2.2}{BERT}{section.2}% 4
\BOOKMARK [2][-]{subsection.2.3}{GloVe}{section.2}% 5
\BOOKMARK [1][-]{section.3}{Methods}{}% 6
\BOOKMARK [2][-]{subsection.3.1}{Feature Significance Analysis}{section.3}% 7
\BOOKMARK [2][-]{subsection.3.2}{Score Predictor}{section.3}% 8
\BOOKMARK [1][-]{section.4}{Dataset}{}% 9
\BOOKMARK [1][-]{section.5}{Experiments and Results}{}% 10
\BOOKMARK [2][-]{subsection.5.1}{Feature Analysis}{section.5}% 11
\BOOKMARK [3][-]{subsubsection.5.1.1}{Baseline: L1 regularization}{subsection.5.1}% 12
\BOOKMARK [3][-]{subsubsection.5.1.2}{Using Pre-trained BERT Model}{subsection.5.1}% 13
\BOOKMARK [3][-]{subsubsection.5.1.3}{Analysis and Adjustments}{subsection.5.1}% 14
\BOOKMARK [2][-]{subsection.5.2}{Predicting Scores}{section.5}% 15
\BOOKMARK [3][-]{subsubsection.5.2.1}{Baseline: Logistic regression}{subsection.5.2}% 16
\BOOKMARK [3][-]{subsubsection.5.2.2}{Fine-tuning Pre-trained BERT model}{subsection.5.2}% 17
\BOOKMARK [3][-]{subsubsection.5.2.3}{Analysis and Adjustments}{subsection.5.2}% 18
\BOOKMARK [1][-]{section.6}{Conclusion and Future Work}{}% 19
\BOOKMARK [2][-]{subsection.6.1}{Conclusion}{section.6}% 20
\BOOKMARK [2][-]{subsection.6.2}{Reflections and Future Work}{section.6}% 21
